Arguments: 
  C:\Program Files\nodejs\node.exe C:\Users\shiva\AppData\Roaming\npm\node_modules\yarn\bin\yarn.js install

PATH: 
  C:\Program Files\Python311\Scripts\;C:\Program Files\Python311\;C:\Program Files\Common Files\Oracle\Java\javapath;C:\WINDOWS\system32;C:\WINDOWS;C:\WINDOWS\System32\Wbem;C:\WINDOWS\System32\WindowsPowerShell\v1.0\;C:\WINDOWS\System32\OpenSSH\;C:\Program Files\MongoDB\Server\5.0\bin;C:\Program Files\Git\cmd;C:\Program Files\PostgreSQL\15\bin;C:\Users\shiva\AppData\Local\Programs\Python\Python311;C:\Users\shiva\AppData\Local\Programs\Python\Python311\Scripts;C:\Users\shiva\AppData\Roaming\Python\Python311\Scripts;C:\Program Files\nodejs\;C:\Users\shiva\AppData\Local\Microsoft\WindowsApps;C:\Users\shiva\AppData\Local\Programs\Microsoft VS Code\bin;C:\Program Files (x86)\mingw-w64\i686-8.1.0-posix-dwarf-rt_v6-rev0\mingw32\bin;C:\Program Files\heroku\bin;C:\Users\shiva\AppData\Roaming\npm;C:\Users\shiva\.ebcli-virtual-env\executables;C:\Users\shiva\AppData\Roaming\Python\Python37\Scripts;

Yarn version: 
  1.22.19

Node version: 
  16.17.0

Platform: 
  win32 x64

Trace: 
  Error: EPERM: operation not permitted, unlink 'D:\Coding\WebDev\In Progress\greenwave_landing-main\node_modules\@esbuild\win32-x64\esbuild.exe'

npm manifest: 
  {
    "name": "1inch-clone",
    "private": true,
    "version": "0.0.0",
    "type": "module",
    "scripts": {
      "dev": "vite",
      "build": "vite build",
      "preview": "vite preview"
    },
    "dependencies": {
      "@emotion/react": "^11.10.6",
      "@emotion/styled": "^11.10.6",
      "@mui/icons-material": "^5.11.16",
      "@mui/material": "^5.13.4",
      "@mui/styles": "^5.13.2",
      "react": "^18.2.0",
      "react-countup": "^6.4.1",
      "react-dom": "^18.2.0",
      "react-material-ui-carousel": "^3.4.2",
      "react-router-dom": "^6.8.1",
      "react-use-measure": "^2.1.1"
    },
    "devDependencies": {
      "@types/react": "^18.0.27",
      "@types/react-dom": "^18.0.10",
      "@vitejs/plugin-react": "^3.1.0",
      "vite": "^4.1.0"
    }
  }

yarn manifest: 
  No manifest

Lockfile: 
  # THIS IS AN AUTOGENERATED FILE. DO NOT EDIT THIS FILE DIRECTLY.
  # yarn lockfile v1
  
  
  "@ampproject/remapping@^2.2.0":
    version "2.2.1"
    resolved "https://registry.yarnpkg.com/@ampproject/remapping/-/remapping-2.2.1.tgz#99e8e11851128b8702cd57c33684f1d0f260b630"
    integrity sha512-lFMjJTrFL3j7L9yBxwYfCq2k6qqwHyzuUl/XBnif78PWTJYyL/dfowQHWE3sp6U6ZzqWiiIZnpTMO96zhkjwtg==
    dependencies:
      "@jridgewell/gen-mapping" "^0.3.0"
      "@jridgewell/trace-mapping" "^0.3.9"
  
  "@babel/code-frame@^7.0.0", "@babel/code-frame@^7.21.4":
    version "7.21.4"
    resolved "https://registry.yarnpkg.com/@babel/code-frame/-/code-frame-7.21.4.tgz#d0fa9e4413aca81f2b23b9442797bda1826edb39"
    integrity sha512-LYvhNKfwWSPpocw8GI7gpK2nq3HSDuEPC/uSYaALSJu9xjsalaaYFOq0Pwt5KmVqwEbZlDu81aLXwBOmD/Fv9g==
    dependencies:
      "@babel/highlight" "^7.18.6"
  
  "@babel/compat-data@^7.22.0":
    version "7.22.3"
    resolved "https://registry.yarnpkg.com/@babel/compat-data/-/compat-data-7.22.3.tgz#cd502a6a0b6e37d7ad72ce7e71a7160a3ae36f7e"
    integrity sha512-aNtko9OPOwVESUFp3MZfD8Uzxl7JzSeJpd7npIoxCasU37PFbAQRpKglkaKwlHOyeJdrREpo8TW8ldrkYWwvIQ==
  
  "@babel/core@^7.20.12":
    version "7.22.1"
    resolved "https://registry.yarnpkg.com/@babel/core/-/core-7.22.1.tgz#5de51c5206f4c6f5533562838337a603c1033cfd"
    integrity sha512-Hkqu7J4ynysSXxmAahpN1jjRwVJ+NdpraFLIWflgjpVob3KNyK3/tIUc7Q7szed8WMp0JNa7Qtd1E9Oo22F9gA==
    dependencies:
      "@ampproject/remapping" "^2.2.0"
      "@babel/code-frame" "^7.21.4"
      "@babel/generator" "^7.22.0"
      "@babel/helper-compilation-targets" "^7.22.1"
      "@babel/helper-module-transforms" "^7.22.1"
      "@babel/helpers" "^7.22.0"
      "@babel/parser" "^7.22.0"
      "@babel/template" "^7.21.9"
      "@babel/traverse" "^7.22.1"
      "@babel/types" "^7.22.0"
      convert-source-map "^1.7.0"
      debug "^4.1.0"
      gensync "^1.0.0-beta.2"
      json5 "^2.2.2"
      semver "^6.3.0"
  
  "@babel/generator@^7.22.0", "@babel/generator@^7.22.3":
    version "7.22.3"
    resolved "https://registry.yarnpkg.com/@babel/generator/-/generator-7.22.3.tgz#0ff675d2edb93d7596c5f6728b52615cfc0df01e"
    integrity sha512-C17MW4wlk//ES/CJDL51kPNwl+qiBQyN7b9SKyVp11BLGFeSPoVaHrv+MNt8jwQFhQWowW88z1eeBx3pFz9v8A==
    dependencies:
      "@babel/types" "^7.22.3"
      "@jridgewell/gen-mapping" "^0.3.2"
      "@jridgewell/trace-mapping" "^0.3.17"
      jsesc "^2.5.1"
  
  "@babel/helper-compilation-targets@^7.22.1":
    version "7.22.1"
    resolved "https://registry.yarnpkg.com/@babel/helper-compilation-targets/-/helper-compilation-targets-7.22.1.tgz#bfcd6b7321ffebe33290d68550e2c9d7eb7c7a58"
    integrity sha512-Rqx13UM3yVB5q0D/KwQ8+SPfX/+Rnsy1Lw1k/UwOC4KC6qrzIQoY3lYnBu5EHKBlEHHcj0M0W8ltPSkD8rqfsQ==
    dependencies:
      "@babel/compat-data" "^7.22.0"
      "@babel/helper-validator-option" "^7.21.0"
      browserslist "^4.21.3"
      lru-cache "^5.1.1"
      semver "^6.3.0"
  
  "@babel/helper-environment-visitor@^7.22.1":
    version "7.22.1"
    resolved "https://registry.yarnpkg.com/@babel/helper-environment-visitor/-/helper-environment-visitor-7.22.1.tgz#ac3a56dbada59ed969d712cf527bd8271fe3eba8"
    integrity sha512-Z2tgopurB/kTbidvzeBrc2To3PUP/9i5MUe+fU6QJCQDyPwSH2oRapkLw3KGECDYSjhQZCNxEvNvZlLw8JjGwA==
  
  "@babel/helper-function-name@^7.21.0":
    version "7.21.0"
    resolved "https://registry.yarnpkg.com/@babel/helper-function-name/-/helper-function-name-7.21.0.tgz#d552829b10ea9f120969304023cd0645fa00b1b4"
    integrity sha512-HfK1aMRanKHpxemaY2gqBmL04iAPOPRj7DxtNbiDOrJK+gdwkiNRVpCpUJYbUT+aZyemKN8brqTOxzCaG6ExRg==
    dependencies:
      "@babel/template" "^7.20.7"
      "@babel/types" "^7.21.0"
  
  "@babel/helper-hoist-variables@^7.18.6":
    version "7.18.6"
    resolved "https://registry.yarnpkg.com/@babel/helper-hoist-variables/-/helper-hoist-variables-7.18.6.tgz#d4d2c8fb4baeaa5c68b99cc8245c56554f926678"
    integrity sha512-UlJQPkFqFULIcyW5sbzgbkxn2FKRgwWiRexcuaR8RNJRy8+LLveqPjwZV/bwrLZCN0eUHD/x8D0heK1ozuoo6Q==
    dependencies:
      "@babel/types" "^7.18.6"
  
  "@babel/helper-module-imports@^7.16.7", "@babel/helper-module-imports@^7.18.6", "@babel/helper-module-imports@^7.21.4":
    version "7.21.4"
    resolved "https://registry.yarnpkg.com/@babel/helper-module-imports/-/helper-module-imports-7.21.4.tgz#ac88b2f76093637489e718a90cec6cf8a9b029af"
    integrity sha512-orajc5T2PsRYUN3ZryCEFeMDYwyw09c/pZeaQEZPH0MpKzSvn3e0uXsDBu3k03VI+9DBiRo+l22BfKTpKwa/Wg==
    dependencies:
      "@babel/types" "^7.21.4"
  
  "@babel/helper-module-transforms@^7.22.1":
    version "7.22.1"
    resolved "https://registry.yarnpkg.com/@babel/helper-module-transforms/-/helper-module-transforms-7.22.1.tgz#e0cad47fedcf3cae83c11021696376e2d5a50c63"
    integrity sha512-dxAe9E7ySDGbQdCVOY/4+UcD8M9ZFqZcZhSPsPacvCG4M+9lwtDDQfI2EoaSvmf7W/8yCBkGU0m7Pvt1ru3UZw==
    dependencies:
      "@babel/helper-environment-visitor" "^7.22.1"
      "@babel/helper-module-imports" "^7.21.4"
      "@babel/helper-simple-access" "^7.21.5"
      "@babel/helper-split-export-declaration" "^7.18.6"
      "@babel/helper-validator-identifier" "^7.19.1"
      "@babel/template" "^7.21.9"
      "@babel/traverse" "^7.22.1"
      "@babel/types" "^7.22.0"
  
  "@babel/helper-plugin-utils@^7.19.0", "@babel/helper-plugin-utils@^7.20.2":
    version "7.21.5"
    resolved "https://registry.yarnpkg.com/@babel/helper-plugin-utils/-/helper-plugin-utils-7.21.5.tgz#345f2377d05a720a4e5ecfa39cbf4474a4daed56"
    integrity sha512-0WDaIlXKOX/3KfBK/dwP1oQGiPh6rjMkT7HIRv7i5RR2VUMwrx5ZL0dwBkKx7+SW1zwNdgjHd34IMk5ZjTeHVg==
  
  "@babel/helper-simple-access@^7.21.5":
    version "7.21.5"
    resolved "https://registry.yarnpkg.com/@babel/helper-simple-access/-/helper-simple-access-7.21.5.tgz#d697a7971a5c39eac32c7e63c0921c06c8a249ee"
    integrity sha512-ENPDAMC1wAjR0uaCUwliBdiSl1KBJAVnMTzXqi64c2MG8MPR6ii4qf7bSXDqSFbr4W6W028/rf5ivoHop5/mkg==
    dependencies:
      "@babel/types" "^7.21.5"
  
  "@babel/helper-split-export-declaration@^7.18.6":
    version "7.18.6"
    resolved "https://registry.yarnpkg.com/@babel/helper-split-export-declaration/-/helper-split-export-declaration-7.18.6.tgz#7367949bc75b20c6d5a5d4a97bba2824ae8ef075"
    integrity sha512-bde1etTx6ZyTmobl9LLMMQsaizFVZrquTEHOqKeQESMKo4PlObf+8+JA25ZsIpZhT/WEd39+vOdLXAFG/nELpA==
    dependencies:
      "@babel/types" "^7.18.6"
  
  "@babel/helper-string-parser@^7.21.5":
    version "7.21.5"
    resolved "https://registry.yarnpkg.com/@babel/helper-string-parser/-/helper-string-parser-7.21.5.tgz#2b3eea65443c6bdc31c22d037c65f6d323b6b2bd"
    integrity sha512-5pTUx3hAJaZIdW99sJ6ZUUgWq/Y+Hja7TowEnLNMm1VivRgZQL3vpBY3qUACVsvw+yQU6+YgfBVmcbLaZtrA1w==
  
  "@babel/helper-validator-identifier@^7.18.6", "@babel/helper-validator-identifier@^7.19.1":
    version "7.19.1"
    resolved "https://registry.yarnpkg.com/@babel/helper-validator-identifier/-/helper-validator-identifier-7.19.1.tgz#7eea834cf32901ffdc1a7ee555e2f9c27e249ca2"
    integrity sha512-awrNfaMtnHUr653GgGEs++LlAvW6w+DcPrOliSMXWCKo597CwL5Acf/wWdNkf/tfEQE3mjkeD1YOVZOUV/od1w==
  
  "@babel/helper-validator-option@^7.21.0":
    version "7.21.0"
    resolved "https://registry.yarnpkg.com/@babel/helper-validator-option/-/helper-validator-option-7.21.0.tgz#8224c7e13ace4bafdc4004da2cf064ef42673180"
    integrity sha512-rmL/B8/f0mKS2baE9ZpyTcTavvEuWhTTW8amjzXNvYG4AwBsqTLikfXsEofsJEfKHf+HQVQbFOHy6o+4cnC/fQ==
  
  "@babel/helpers@^7.22.0":
    version "7.22.3"
    resolved "https://registry.yarnpkg.com/@babel/helpers/-/helpers-7.22.3.tgz#53b74351da9684ea2f694bf0877998da26dd830e"
    integrity sha512-jBJ7jWblbgr7r6wYZHMdIqKc73ycaTcCaWRq4/2LpuPHcx7xMlZvpGQkOYc9HeSjn6rcx15CPlgVcBtZ4WZJ2w==
    dependencies:
      "@babel/template" "^7.21.9"
      "@babel/traverse" "^7.22.1"
      "@babel/types" "^7.22.3"
  
  "@babel/highlight@^7.18.6":
    version "7.18.6"
    resolved "https://registry.yarnpkg.com/@babel/highlight/-/highlight-7.18.6.tgz#81158601e93e2563795adcbfbdf5d64be3f2ecdf"
    integrity sha512-u7stbOuYjaPezCuLj29hNW1v64M2Md2qupEKP1fHc7WdOA3DgLh37suiSrZYY7haUB7iBeQZ9P1uiRF359do3g==
    dependencies:
      "@babel/helper-validator-identifier" "^7.18.6"
      chalk "^2.0.0"
      js-tokens "^4.0.0"
  
  "@babel/parser@^7.21.9", "@babel/parser@^7.22.0", "@babel/parser@^7.22.4":
    version "7.22.4"
    resolved "https://registry.yarnpkg.com/@babel/parser/-/parser-7.22.4.tgz#a770e98fd785c231af9d93f6459d36770993fb32"
    integrity sha512-VLLsx06XkEYqBtE5YGPwfSGwfrjnyPP5oiGty3S8pQLFDFLaS8VwWSIxkTXpcvr5zeYLE6+MBNl2npl/YnfofA==
  
  "@babel/plugin-transform-react-jsx-self@^7.18.6":
    version "7.21.0"
    resolved "https://registry.yarnpkg.com/@babel/plugin-transform-react-jsx-self/-/plugin-transform-react-jsx-self-7.21.0.tgz#ec98d4a9baafc5a1eb398da4cf94afbb40254a54"
    integrity sha512-f/Eq+79JEu+KUANFks9UZCcvydOOGMgF7jBrcwjHa5jTZD8JivnhCJYvmlhR/WTXBWonDExPoW0eO/CR4QJirA==
    dependencies:
      "@babel/helper-plugin-utils" "^7.20.2"
  
  "@babel/plugin-transform-react-jsx-source@^7.19.6":
    version "7.19.6"
    resolved "https://registry.yarnpkg.com/@babel/plugin-transform-react-jsx-source/-/plugin-transform-react-jsx-source-7.19.6.tgz#88578ae8331e5887e8ce28e4c9dc83fb29da0b86"
    integrity sha512-RpAi004QyMNisst/pvSanoRdJ4q+jMCWyk9zdw/CyLB9j8RXEahodR6l2GyttDRyEVWZtbN+TpLiHJ3t34LbsQ==
    dependencies:
      "@babel/helper-plugin-utils" "^7.19.0"
  
  "@babel/runtime@^7.12.5", "@babel/runtime@^7.18.3", "@babel/runtime@^7.21.0", "@babel/runtime@^7.5.5", "@babel/runtime@^7.8.7":
    version "7.22.3"
    resolved "https://registry.yarnpkg.com/@babel/runtime/-/runtime-7.22.3.tgz#0a7fce51d43adbf0f7b517a71f4c3aaca92ebcbb"
    integrity sha512-XsDuspWKLUsxwCp6r7EhsExHtYfbe5oAGQ19kqngTdCPUoPQzOPdUbD/pB9PJiwb2ptYKQDjSJT3R6dC+EPqfQ==
    dependencies:
      regenerator-runtime "^0.13.11"
  
  "@babel/template@^7.20.7", "@babel/template@^7.21.9":
    version "7.21.9"
    resolved "https://registry.yarnpkg.com/@babel/template/-/template-7.21.9.tgz#bf8dad2859130ae46088a99c1f265394877446fb"
    integrity sha512-MK0X5k8NKOuWRamiEfc3KEJiHMTkGZNUjzMipqCGDDc6ijRl/B7RGSKVGncu4Ro/HdyzzY6cmoXuKI2Gffk7vQ==
    dependencies:
      "@babel/code-frame" "^7.21.4"
      "@babel/parser" "^7.21.9"
      "@babel/types" "^7.21.5"
  
  "@babel/traverse@^7.22.1":
    version "7.22.4"
    resolved "https://registry.yarnpkg.com/@babel/traverse/-/traverse-7.22.4.tgz#c3cf96c5c290bd13b55e29d025274057727664c0"
    integrity sha512-Tn1pDsjIcI+JcLKq1AVlZEr4226gpuAQTsLMorsYg9tuS/kG7nuwwJ4AB8jfQuEgb/COBwR/DqJxmoiYFu5/rQ==
    dependencies:
      "@babel/code-frame" "^7.21.4"
      "@babel/generator" "^7.22.3"
      "@babel/helper-environment-visitor" "^7.22.1"
      "@babel/helper-function-name" "^7.21.0"
      "@babel/helper-hoist-variables" "^7.18.6"
      "@babel/helper-split-export-declaration" "^7.18.6"
      "@babel/parser" "^7.22.4"
      "@babel/types" "^7.22.4"
      debug "^4.1.0"
      globals "^11.1.0"
  
  "@babel/types@^7.18.6", "@babel/types@^7.21.0", "@babel/types@^7.21.4", "@babel/types@^7.21.5", "@babel/types@^7.22.0", "@babel/types@^7.22.3", "@babel/types@^7.22.4":
    version "7.22.4"
    resolved "https://registry.yarnpkg.com/@babel/types/-/types-7.22.4.tgz#56a2653ae7e7591365dabf20b76295410684c071"
    integrity sha512-Tx9x3UBHTTsMSW85WB2kphxYQVvrZ/t1FxD88IpSgIjiUJlCm9z+xWIDwyo1vffTwSqteqyznB8ZE9vYYk16zA==
    dependencies:
      "@babel/helper-string-parser" "^7.21.5"
      "@babel/helper-validator-identifier" "^7.19.1"
      to-fast-properties "^2.0.0"
  
  "@emotion/babel-plugin@^11.11.0":
    version "11.11.0"
    resolved "https://registry.yarnpkg.com/@emotion/babel-plugin/-/babel-plugin-11.11.0.tgz#c2d872b6a7767a9d176d007f5b31f7d504bb5d6c"
    integrity sha512-m4HEDZleaaCH+XgDDsPF15Ht6wTLsgDTeR3WYj9Q/k76JtWhrJjcP4+/XlG8LGT/Rol9qUfOIztXeA84ATpqPQ==
    dependencies:
      "@babel/helper-module-imports" "^7.16.7"
      "@babel/runtime" "^7.18.3"
      "@emotion/hash" "^0.9.1"
      "@emotion/memoize" "^0.8.1"
      "@emotion/serialize" "^1.1.2"
      babel-plugin-macros "^3.1.0"
      convert-source-map "^1.5.0"
      escape-string-regexp "^4.0.0"
      find-root "^1.1.0"
      source-map "^0.5.7"
      stylis "4.2.0"
  
  "@emotion/cache@^11.11.0":
    version "11.11.0"
    resolved "https://registry.yarnpkg.com/@emotion/cache/-/cache-11.11.0.tgz#809b33ee6b1cb1a625fef7a45bc568ccd9b8f3ff"
    integrity sha512-P34z9ssTCBi3e9EI1ZsWpNHcfY1r09ZO0rZbRO2ob3ZQMnFI35jB536qoXbkdesr5EUhYi22anuEJuyxifaqAQ==
    dependencies:
      "@emotion/memoize" "^0.8.1"
      "@emotion/sheet" "^1.2.2"
      "@emotion/utils" "^1.2.1"
      "@emotion/weak-memoize" "^0.3.1"
      stylis "4.2.0"
  
  "@emotion/hash@^0.9.1":
    version "0.9.1"
    resolved "https://registry.yarnpkg.com/@emotion/hash/-/hash-0.9.1.tgz#4ffb0055f7ef676ebc3a5a91fb621393294e2f43"
    integrity sha512-gJB6HLm5rYwSLI6PQa+X1t5CFGrv1J1TWG+sOyMCeKz2ojaj6Fnl/rZEspogG+cvqbt4AE/2eIyD2QfLKTBNlQ==
  
  "@emotion/is-prop-valid@^1.2.1":
    version "1.2.1"
    resolved "https://registry.yarnpkg.com/@emotion/is-prop-valid/-/is-prop-valid-1.2.1.tgz#23116cf1ed18bfeac910ec6436561ecb1a3885cc"
    integrity sha512-61Mf7Ufx4aDxx1xlDeOm8aFFigGHE4z+0sKCa+IHCeZKiyP9RLD0Mmx7m8b9/Cf37f7NAvQOOJAbQQGVr5uERw==
    dependencies:
      "@emotion/memoize" "^0.8.1"
  
  "@emotion/memoize@^0.8.1":
    version "0.8.1"
    resolved "https://registry.yarnpkg.com/@emotion/memoize/-/memoize-0.8.1.tgz#c1ddb040429c6d21d38cc945fe75c818cfb68e17"
    integrity sha512-W2P2c/VRW1/1tLox0mVUalvnWXxavmv/Oum2aPsRcoDJuob75FC3Y8FbpfLwUegRcxINtGUMPq0tFCvYNTBXNA==
  
  "@emotion/react@^11.10.6":
    version "11.11.1"
    resolved "https://registry.yarnpkg.com/@emotion/react/-/react-11.11.1.tgz#b2c36afac95b184f73b08da8c214fdf861fa4157"
    integrity sha512-5mlW1DquU5HaxjLkfkGN1GA/fvVGdyHURRiX/0FHl2cfIfRxSOfmxEH5YS43edp0OldZrZ+dkBKbngxcNCdZvA==
    dependencies:
      "@babel/runtime" "^7.18.3"
      "@emotion/babel-plugin" "^11.11.0"
      "@emotion/cache" "^11.11.0"
      "@emotion/serialize" "^1.1.2"
      "@emotion/use-insertion-effect-with-fallbacks" "^1.0.1"
      "@emotion/utils" "^1.2.1"
      "@emotion/weak-memoize" "^0.3.1"
      hoist-non-react-statics "^3.3.1"
  
  "@emotion/serialize@^1.1.2":
    version "1.1.2"
    resolved "https://registry.yarnpkg.com/@emotion/serialize/-/serialize-1.1.2.tgz#017a6e4c9b8a803bd576ff3d52a0ea6fa5a62b51"
    integrity sha512-zR6a/fkFP4EAcCMQtLOhIgpprZOwNmCldtpaISpvz348+DP4Mz8ZoKaGGCQpbzepNIUWbq4w6hNZkwDyKoS+HA==
    dependencies:
      "@emotion/hash" "^0.9.1"
      "@emotion/memoize" "^0.8.1"
      "@emotion/unitless" "^0.8.1"
      "@emotion/utils" "^1.2.1"
      csstype "^3.0.2"
  
  "@emotion/sheet@^1.2.2":
    version "1.2.2"
    resolved "https://registry.yarnpkg.com/@emotion/sheet/-/sheet-1.2.2.tgz#d58e788ee27267a14342303e1abb3d508b6d0fec"
    integrity sha512-0QBtGvaqtWi+nx6doRwDdBIzhNdZrXUppvTM4dtZZWEGTXL/XE/yJxLMGlDT1Gt+UHH5IX1n+jkXyytE/av7OA==
  
  "@emotion/styled@^11.10.6":
    version "11.11.0"
    resolved "https://registry.yarnpkg.com/@emotion/styled/-/styled-11.11.0.tgz#26b75e1b5a1b7a629d7c0a8b708fbf5a9cdce346"
    integrity sha512-hM5Nnvu9P3midq5aaXj4I+lnSfNi7Pmd4EWk1fOZ3pxookaQTNew6bp4JaCBYM4HVFZF9g7UjJmsUmC2JlxOng==
    dependencies:
      "@babel/runtime" "^7.18.3"
      "@emotion/babel-plugin" "^11.11.0"
      "@emotion/is-prop-valid" "^1.2.1"
      "@emotion/serialize" "^1.1.2"
      "@emotion/use-insertion-effect-with-fallbacks" "^1.0.1"
      "@emotion/utils" "^1.2.1"
  
  "@emotion/unitless@^0.8.1":
    version "0.8.1"
    resolved "https://registry.yarnpkg.com/@emotion/unitless/-/unitless-0.8.1.tgz#182b5a4704ef8ad91bde93f7a860a88fd92c79a3"
    integrity sha512-KOEGMu6dmJZtpadb476IsZBclKvILjopjUii3V+7MnXIQCYh8W3NgNcgwo21n9LXZX6EDIKvqfjYxXebDwxKmQ==
  
  "@emotion/use-insertion-effect-with-fallbacks@^1.0.1":
    version "1.0.1"
    resolved "https://registry.yarnpkg.com/@emotion/use-insertion-effect-with-fallbacks/-/use-insertion-effect-with-fallbacks-1.0.1.tgz#08de79f54eb3406f9daaf77c76e35313da963963"
    integrity sha512-jT/qyKZ9rzLErtrjGgdkMBn2OP8wl0G3sQlBb3YPryvKHsjvINUhVaPFfP+fpBcOkmrVOVEEHQFJ7nbj2TH2gw==
  
  "@emotion/utils@^1.2.1":
    version "1.2.1"
    resolved "https://registry.yarnpkg.com/@emotion/utils/-/utils-1.2.1.tgz#bbab58465738d31ae4cb3dbb6fc00a5991f755e4"
    integrity sha512-Y2tGf3I+XVnajdItskUCn6LX+VUDmP6lTL4fcqsXAv43dnlbZiuW4MWQW38rW/BVWSE7Q/7+XQocmpnRYILUmg==
  
  "@emotion/weak-memoize@^0.3.1":
    version "0.3.1"
    resolved "https://registry.yarnpkg.com/@emotion/weak-memoize/-/weak-memoize-0.3.1.tgz#d0fce5d07b0620caa282b5131c297bb60f9d87e6"
    integrity sha512-EsBwpc7hBUJWAsNPBmJy4hxWx12v6bshQsldrVmjxJoc3isbxhOrF2IcCpaXxfvq03NwkI7sbsOLXbYuqF/8Ww==
  
  "@esbuild/android-arm64@0.17.19":
    version "0.17.19"
    resolved "https://registry.yarnpkg.com/@esbuild/android-arm64/-/android-arm64-0.17.19.tgz#bafb75234a5d3d1b690e7c2956a599345e84a2fd"
    integrity sha512-KBMWvEZooR7+kzY0BtbTQn0OAYY7CsiydT63pVEaPtVYF0hXbUaOyZog37DKxK7NF3XacBJOpYT4adIJh+avxA==
  
  "@esbuild/android-arm@0.17.19":
    version "0.17.19"
    resolved "https://registry.yarnpkg.com/@esbuild/android-arm/-/android-arm-0.17.19.tgz#5898f7832c2298bc7d0ab53701c57beb74d78b4d"
    integrity sha512-rIKddzqhmav7MSmoFCmDIb6e2W57geRsM94gV2l38fzhXMwq7hZoClug9USI2pFRGL06f4IOPHHpFNOkWieR8A==
  
  "@esbuild/android-x64@0.17.19":
    version "0.17.19"
    resolved "https://registry.yarnpkg.com/@esbuild/android-x64/-/android-x64-0.17.19.tgz#658368ef92067866d95fb268719f98f363d13ae1"
    integrity sha512-uUTTc4xGNDT7YSArp/zbtmbhO0uEEK9/ETW29Wk1thYUJBz3IVnvgEiEwEa9IeLyvnpKrWK64Utw2bgUmDveww==
  
  "@esbuild/darwin-arm64@0.17.19":
    version "0.17.19"
    resolved "https://registry.yarnpkg.com/@esbuild/darwin-arm64/-/darwin-arm64-0.17.19.tgz#584c34c5991b95d4d48d333300b1a4e2ff7be276"
    integrity sha512-80wEoCfF/hFKM6WE1FyBHc9SfUblloAWx6FJkFWTWiCoht9Mc0ARGEM47e67W9rI09YoUxJL68WHfDRYEAvOhg==
  
  "@esbuild/darwin-x64@0.17.19":
    version "0.17.19"
    resolved "https://registry.yarnpkg.com/@esbuild/darwin-x64/-/darwin-x64-0.17.19.tgz#7751d236dfe6ce136cce343dce69f52d76b7f6cb"
    integrity sha512-IJM4JJsLhRYr9xdtLytPLSH9k/oxR3boaUIYiHkAawtwNOXKE8KoU8tMvryogdcT8AU+Bflmh81Xn6Q0vTZbQw==
  
  "@esbuild/freebsd-arm64@0.17.19":
    version "0.17.19"
    resolved "https://registry.yarnpkg.com/@esbuild/freebsd-arm64/-/freebsd-arm64-0.17.19.tgz#cacd171665dd1d500f45c167d50c6b7e539d5fd2"
    integrity sha512-pBwbc7DufluUeGdjSU5Si+P3SoMF5DQ/F/UmTSb8HXO80ZEAJmrykPyzo1IfNbAoaqw48YRpv8shwd1NoI0jcQ==
  
  "@esbuild/freebsd-x64@0.17.19":
    version "0.17.19"
    resolved "https://registry.yarnpkg.com/@esbuild/freebsd-x64/-/freebsd-x64-0.17.19.tgz#0769456eee2a08b8d925d7c00b79e861cb3162e4"
    integrity sha512-4lu+n8Wk0XlajEhbEffdy2xy53dpR06SlzvhGByyg36qJw6Kpfk7cp45DR/62aPH9mtJRmIyrXAS5UWBrJT6TQ==
  
  "@esbuild/linux-arm64@0.17.19":
    version "0.17.19"
    resolved "https://registry.yarnpkg.com/@esbuild/linux-arm64/-/linux-arm64-0.17.19.tgz#38e162ecb723862c6be1c27d6389f48960b68edb"
    integrity sha512-ct1Tg3WGwd3P+oZYqic+YZF4snNl2bsnMKRkb3ozHmnM0dGWuxcPTTntAF6bOP0Sp4x0PjSF+4uHQ1xvxfRKqg==
  
  "@esbuild/linux-arm@0.17.19":
    version "0.17.19"
    resolved "https://registry.yarnpkg.com/@esbuild/linux-arm/-/linux-arm-0.17.19.tgz#1a2cd399c50040184a805174a6d89097d9d1559a"
    integrity sha512-cdmT3KxjlOQ/gZ2cjfrQOtmhG4HJs6hhvm3mWSRDPtZ/lP5oe8FWceS10JaSJC13GBd4eH/haHnqf7hhGNLerA==
  
  "@esbuild/linux-ia32@0.17.19":
    version "0.17.19"
    resolved "https://registry.yarnpkg.com/@esbuild/linux-ia32/-/linux-ia32-0.17.19.tgz#e28c25266b036ce1cabca3c30155222841dc035a"
    integrity sha512-w4IRhSy1VbsNxHRQpeGCHEmibqdTUx61Vc38APcsRbuVgK0OPEnQ0YD39Brymn96mOx48Y2laBQGqgZ0j9w6SQ==
  
  "@esbuild/linux-loong64@0.17.19":
    version "0.17.19"
    resolved "https://registry.yarnpkg.com/@esbuild/linux-loong64/-/linux-loong64-0.17.19.tgz#0f887b8bb3f90658d1a0117283e55dbd4c9dcf72"
    integrity sha512-2iAngUbBPMq439a+z//gE+9WBldoMp1s5GWsUSgqHLzLJ9WoZLZhpwWuym0u0u/4XmZ3gpHmzV84PonE+9IIdQ==
  
  "@esbuild/linux-mips64el@0.17.19":
    version "0.17.19"
    resolved "https://registry.yarnpkg.com/@esbuild/linux-mips64el/-/linux-mips64el-0.17.19.tgz#f5d2a0b8047ea9a5d9f592a178ea054053a70289"
    integrity sha512-LKJltc4LVdMKHsrFe4MGNPp0hqDFA1Wpt3jE1gEyM3nKUvOiO//9PheZZHfYRfYl6AwdTH4aTcXSqBerX0ml4A==
  
  "@esbuild/linux-ppc64@0.17.19":
    version "0.17.19"
    resolved "https://registry.yarnpkg.com/@esbuild/linux-ppc64/-/linux-ppc64-0.17.19.tgz#876590e3acbd9fa7f57a2c7d86f83717dbbac8c7"
    integrity sha512-/c/DGybs95WXNS8y3Ti/ytqETiW7EU44MEKuCAcpPto3YjQbyK3IQVKfF6nbghD7EcLUGl0NbiL5Rt5DMhn5tg==
  
  "@esbuild/linux-riscv64@0.17.19":
    version "0.17.19"
    resolved "https://registry.yarnpkg.com/@esbuild/linux-riscv64/-/linux-riscv64-0.17.19.tgz#7f49373df463cd9f41dc34f9b2262d771688bf09"
    integrity sha512-FC3nUAWhvFoutlhAkgHf8f5HwFWUL6bYdvLc/TTuxKlvLi3+pPzdZiFKSWz/PF30TB1K19SuCxDTI5KcqASJqA==
  
  "@esbuild/linux-s390x@0.17.19":
    version "0.17.19"
    resolved "https://registry.yarnpkg.com/@esbuild/linux-s390x/-/linux-s390x-0.17.19.tgz#e2afd1afcaf63afe2c7d9ceacd28ec57c77f8829"
    integrity sha512-IbFsFbxMWLuKEbH+7sTkKzL6NJmG2vRyy6K7JJo55w+8xDk7RElYn6xvXtDW8HCfoKBFK69f3pgBJSUSQPr+4Q==
  
  "@esbuild/linux-x64@0.17.19":
    version "0.17.19"
    resolved "https://registry.yarnpkg.com/@esbuild/linux-x64/-/linux-x64-0.17.19.tgz#8a0e9738b1635f0c53389e515ae83826dec22aa4"
    integrity sha512-68ngA9lg2H6zkZcyp22tsVt38mlhWde8l3eJLWkyLrp4HwMUr3c1s/M2t7+kHIhvMjglIBrFpncX1SzMckomGw==
  
  "@esbuild/netbsd-x64@0.17.19":
    version "0.17.19"
    resolved "https://registry.yarnpkg.com/@esbuild/netbsd-x64/-/netbsd-x64-0.17.19.tgz#c29fb2453c6b7ddef9a35e2c18b37bda1ae5c462"
    integrity sha512-CwFq42rXCR8TYIjIfpXCbRX0rp1jo6cPIUPSaWwzbVI4aOfX96OXY8M6KNmtPcg7QjYeDmN+DD0Wp3LaBOLf4Q==
  
  "@esbuild/openbsd-x64@0.17.19":
    version "0.17.19"
    resolved "https://registry.yarnpkg.com/@esbuild/openbsd-x64/-/openbsd-x64-0.17.19.tgz#95e75a391403cb10297280d524d66ce04c920691"
    integrity sha512-cnq5brJYrSZ2CF6c35eCmviIN3k3RczmHz8eYaVlNasVqsNY+JKohZU5MKmaOI+KkllCdzOKKdPs762VCPC20g==
  
  "@esbuild/sunos-x64@0.17.19":
    version "0.17.19"
    resolved "https://registry.yarnpkg.com/@esbuild/sunos-x64/-/sunos-x64-0.17.19.tgz#722eaf057b83c2575937d3ffe5aeb16540da7273"
    integrity sha512-vCRT7yP3zX+bKWFeP/zdS6SqdWB8OIpaRq/mbXQxTGHnIxspRtigpkUcDMlSCOejlHowLqII7K2JKevwyRP2rg==
  
  "@esbuild/win32-arm64@0.17.19":
    version "0.17.19"
    resolved "https://registry.yarnpkg.com/@esbuild/win32-arm64/-/win32-arm64-0.17.19.tgz#9aa9dc074399288bdcdd283443e9aeb6b9552b6f"
    integrity sha512-yYx+8jwowUstVdorcMdNlzklLYhPxjniHWFKgRqH7IFlUEa0Umu3KuYplf1HUZZ422e3NU9F4LGb+4O0Kdcaag==
  
  "@esbuild/win32-ia32@0.17.19":
    version "0.17.19"
    resolved "https://registry.yarnpkg.com/@esbuild/win32-ia32/-/win32-ia32-0.17.19.tgz#95ad43c62ad62485e210f6299c7b2571e48d2b03"
    integrity sha512-eggDKanJszUtCdlVs0RB+h35wNlb5v4TWEkq4vZcmVt5u/HiDZrTXe2bWFQUez3RgNHwx/x4sk5++4NSSicKkw==
  
  "@esbuild/win32-x64@0.17.19":
    version "0.17.19"
    resolved "https://registry.yarnpkg.com/@esbuild/win32-x64/-/win32-x64-0.17.19.tgz#8cfaf2ff603e9aabb910e9c0558c26cf32744061"
    integrity sha512-lAhycmKnVOuRYNtRtatQR1LPQf2oYCkRGkSFnseDAKPl8lu5SOsK/e1sXe5a0Pc5kHIHe6P2I/ilntNv2xf3cA==
  
  "@jridgewell/gen-mapping@^0.3.0", "@jridgewell/gen-mapping@^0.3.2":
    version "0.3.3"
    resolved "https://registry.yarnpkg.com/@jridgewell/gen-mapping/-/gen-mapping-0.3.3.tgz#7e02e6eb5df901aaedb08514203b096614024098"
    integrity sha512-HLhSWOLRi875zjjMG/r+Nv0oCW8umGb0BgEhyX3dDX3egwZtB8PqLnjz3yedt8R5StBrzcg4aBpnh8UA9D1BoQ==
    dependencies:
      "@jridgewell/set-array" "^1.0.1"
      "@jridgewell/sourcemap-codec" "^1.4.10"
      "@jridgewell/trace-mapping" "^0.3.9"
  
  "@jridgewell/resolve-uri@3.1.0":
    version "3.1.0"
    resolved "https://registry.yarnpkg.com/@jridgewell/resolve-uri/-/resolve-uri-3.1.0.tgz#2203b118c157721addfe69d47b70465463066d78"
    integrity sha512-F2msla3tad+Mfht5cJq7LSXcdudKTWCVYUgw6pLFOOHSTtZlj6SWNYAp+AhuqLmWdBO2X5hPrLcu8cVP8fy28w==
  
  "@jridgewell/set-array@^1.0.1":
    version "1.1.2"
    resolved "https://registry.yarnpkg.com/@jridgewell/set-array/-/set-array-1.1.2.tgz#7c6cf998d6d20b914c0a55a91ae928ff25965e72"
    integrity sha512-xnkseuNADM0gt2bs+BvhO0p78Mk762YnZdsuzFV018NoG1Sj1SCQvpSqa7XUaTam5vAGasABV9qXASMKnFMwMw==
  
  "@jridgewell/sourcemap-codec@1.4.14":
    version "1.4.14"
    resolved "https://registry.yarnpkg.com/@jridgewell/sourcemap-codec/-/sourcemap-codec-1.4.14.tgz#add4c98d341472a289190b424efbdb096991bb24"
    integrity sha512-XPSJHWmi394fuUuzDnGz1wiKqWfo1yXecHQMRf2l6hztTO+nPru658AyDngaBe7isIxEkRsPR3FZh+s7iVa4Uw==
  
  "@jridgewell/sourcemap-codec@^1.4.10", "@jridgewell/sourcemap-codec@^1.4.13":
    version "1.4.15"
    resolved "https://registry.yarnpkg.com/@jridgewell/sourcemap-codec/-/sourcemap-codec-1.4.15.tgz#d7c6e6755c78567a951e04ab52ef0fd26de59f32"
    integrity sha512-eF2rxCRulEKXHTRiDrDy6erMYWqNw4LPdQ8UQA4huuxaQsVeRPFl2oM8oDGxMFhJUWZf9McpLtJasDDZb/Bpeg==
  
  "@jridgewell/trace-mapping@^0.3.17", "@jridgewell/trace-mapping@^0.3.9":
    version "0.3.18"
    resolved "https://registry.yarnpkg.com/@jridgewell/trace-mapping/-/trace-mapping-0.3.18.tgz#25783b2086daf6ff1dcb53c9249ae480e4dd4cd6"
    integrity sha512-w+niJYzMHdd7USdiH2U6869nqhD2nbfZXND5Yp93qIbEmnDNk7PD48o+YchRVpzMU7M6jVCbenTR7PA1FLQ9pA==
    dependencies:
      "@jridgewell/resolve-uri" "3.1.0"
      "@jridgewell/sourcemap-codec" "1.4.14"
  
  "@mui/base@5.0.0-beta.4":
    version "5.0.0-beta.4"
    resolved "https://registry.yarnpkg.com/@mui/base/-/base-5.0.0-beta.4.tgz#e3f4f4a056b88ab357194a245e223177ce35e0b0"
    integrity sha512-ejhtqYJpjDgHGEljjMBQWZ22yEK0OzIXNa7toJmmXsP4TT3W7xVy8bTJ0TniPDf+JNjrsgfgiFTDGdlEhV1E+g==
    dependencies:
      "@babel/runtime" "^7.21.0"
      "@emotion/is-prop-valid" "^1.2.1"
      "@mui/types" "^7.2.4"
      "@mui/utils" "^5.13.1"
      "@popperjs/core" "^2.11.8"
      clsx "^1.2.1"
      prop-types "^15.8.1"
      react-is "^18.2.0"
  
  "@mui/core-downloads-tracker@^5.13.4":
    version "5.13.4"
    resolved "https://registry.yarnpkg.com/@mui/core-downloads-tracker/-/core-downloads-tracker-5.13.4.tgz#7e4b491d8081b6d45ae51556d82cb16b31315a19"
    integrity sha512-yFrMWcrlI0TqRN5jpb6Ma9iI7sGTHpytdzzL33oskFHNQ8UgrtPas33Y1K7sWAMwCrr1qbWDrOHLAQG4tAzuSw==
  
  "@mui/icons-material@^5.11.9":
    version "5.11.16"
    resolved "https://registry.yarnpkg.com/@mui/icons-material/-/icons-material-5.11.16.tgz#417fa773c56672e39d6ccfed9ac55591985f0d38"
    integrity sha512-oKkx9z9Kwg40NtcIajF9uOXhxiyTZrrm9nmIJ4UjkU2IdHpd4QVLbCc/5hZN/y0C6qzi2Zlxyr9TGddQx2vx2A==
    dependencies:
      "@babel/runtime" "^7.21.0"
  
  "@mui/material@^5.11.10":
    version "5.13.4"
    resolved "https://registry.yarnpkg.com/@mui/material/-/material-5.13.4.tgz#1fed8249c980ed37f9767f9dba8aa3a589495ff3"
    integrity sha512-Yq+4f1KLPa/Szd3xqra2hbOAf2Usl8GbubncArM6LIp40mBLtXIdPE29MNtHsbtuzz4g+eidrETgoi3wdbEYfQ==
    dependencies:
      "@babel/runtime" "^7.21.0"
      "@mui/base" "5.0.0-beta.4"
      "@mui/core-downloads-tracker" "^5.13.4"
      "@mui/system" "^5.13.2"
      "@mui/types" "^7.2.4"
      "@mui/utils" "^5.13.1"
      "@types/react-transition-group" "^4.4.6"
      clsx "^1.2.1"
      csstype "^3.1.2"
      prop-types "^15.8.1"
      react-is "^18.2.0"
      react-transition-group "^4.4.5"
  
  "@mui/private-theming@^5.13.1":
    version "5.13.1"
    resolved "https://registry.yarnpkg.com/@mui/private-theming/-/private-theming-5.13.1.tgz#c3e9a0b44f9c5a51b92cfcfb660536060cb61ed7"
    integrity sha512-HW4npLUD9BAkVppOUZHeO1FOKUJWAwbpy0VQoGe3McUYTlck1HezGHQCfBQ5S/Nszi7EViqiimECVl9xi+/WjQ==
    dependencies:
      "@babel/runtime" "^7.21.0"
      "@mui/utils" "^5.13.1"
      prop-types "^15.8.1"
  
  "@mui/styled-engine@^5.13.2":
    version "5.13.2"
    resolved "https://registry.yarnpkg.com/@mui/styled-engine/-/styled-engine-5.13.2.tgz#c87bd61c0ab8086d34828b6defe97c02bcd642ef"
    integrity sha512-VCYCU6xVtXOrIN8lcbuPmoG+u7FYuOERG++fpY74hPpEWkyFQG97F+/XfTQVYzlR2m7nPjnwVUgATcTCMEaMvw==
    dependencies:
      "@babel/runtime" "^7.21.0"
      "@emotion/cache" "^11.11.0"
      csstype "^3.1.2"
      prop-types "^15.8.1"
  
  "@mui/system@^5.13.2":
    version "5.13.2"
    resolved "https://registry.yarnpkg.com/@mui/system/-/system-5.13.2.tgz#c9aa821049fc75d8ade1c0646dc4d2b67605b8fc"
    integrity sha512-TPyWmRJPt0JPVxacZISI4o070xEJ7ftxpVtu6LWuYVOUOINlhoGOclam4iV8PDT3EMQEHuUrwU49po34UdWLlw==
    dependencies:
      "@babel/runtime" "^7.21.0"
      "@mui/private-theming" "^5.13.1"
      "@mui/styled-engine" "^5.13.2"
      "@mui/types" "^7.2.4"
      "@mui/utils" "^5.13.1"
      clsx "^1.2.1"
      csstype "^3.1.2"
      prop-types "^15.8.1"
  
  "@mui/types@^7.2.4":
    version "7.2.4"
    resolved "https://registry.yarnpkg.com/@mui/types/-/types-7.2.4.tgz#b6fade19323b754c5c6de679a38f068fd50b9328"
    integrity sha512-LBcwa8rN84bKF+f5sDyku42w1NTxaPgPyYKODsh01U1fVstTClbUoSA96oyRBnSNyEiAVjKm6Gwx9vjR+xyqHA==
  
  "@mui/utils@^5.13.1":
    version "5.13.1"
    resolved "https://registry.yarnpkg.com/@mui/utils/-/utils-5.13.1.tgz#86199e46014215f95da046a5ec803f4a39c96eee"
    integrity sha512-6lXdWwmlUbEU2jUI8blw38Kt+3ly7xkmV9ljzY4Q20WhsJMWiNry9CX8M+TaP/HbtuyR8XKsdMgQW7h7MM3n3A==
    dependencies:
      "@babel/runtime" "^7.21.0"
      "@types/prop-types" "^15.7.5"
      "@types/react-is" "^18.2.0"
      prop-types "^15.8.1"
      react-is "^18.2.0"
  
  "@popperjs/core@^2.11.8":
    version "2.11.8"
    resolved "https://registry.yarnpkg.com/@popperjs/core/-/core-2.11.8.tgz#6b79032e760a0899cd4204710beede972a3a185f"
    integrity sha512-P1st0aksCrn9sGZhp8GMYwBnQsbvAWsZAX44oXNNvLHGqAOcoVxmjZiohstwQ7SqKnbR47akdNi+uleWD8+g6A==
  
  "@remix-run/router@1.6.3":
    version "1.6.3"
    resolved "https://registry.yarnpkg.com/@remix-run/router/-/router-1.6.3.tgz#8205baf6e17ef93be35bf62c37d2d594e9be0dad"
    integrity sha512-EXJysQ7J3veRECd0kZFQwYYd5sJMcq2O/m60zu1W2l3oVQ9xtub8jTOtYRE0+M2iomyG/W3Ps7+vp2kna0C27Q==
  
  "@rollup/plugin-babel@^6.0.3":
    version "6.0.3"
    resolved "https://registry.yarnpkg.com/@rollup/plugin-babel/-/plugin-babel-6.0.3.tgz#07ccde15de278c581673034ad6accdb4a153dfeb"
    integrity sha512-fKImZKppa1A/gX73eg4JGo+8kQr/q1HBQaCGKECZ0v4YBBv3lFqi14+7xyApECzvkLTHCifx+7ntcrvtBIRcpg==
    dependencies:
      "@babel/helper-module-imports" "^7.18.6"
      "@rollup/pluginutils" "^5.0.1"
  
  "@rollup/pluginutils@^5.0.1":
    version "5.0.2"
    resolved "https://registry.yarnpkg.com/@rollup/pluginutils/-/pluginutils-5.0.2.tgz#012b8f53c71e4f6f9cb317e311df1404f56e7a33"
    integrity sha512-pTd9rIsP92h+B6wWwFbW8RkZv4hiR/xKsqre4SIuAOaOEQRxi0lqLke9k2/7WegC85GgUs9pjmOjCUi3In4vwA==
    dependencies:
      "@types/estree" "^1.0.0"
      estree-walker "^2.0.2"
      picomatch "^2.3.1"
  
  "@types/estree@^1.0.0":
    version "1.0.1"
    resolved "https://registry.yarnpkg.com/@types/estree/-/estree-1.0.1.tgz#aa22750962f3bf0e79d753d3cc067f010c95f194"
    integrity sha512-LG4opVs2ANWZ1TJoKc937iMmNstM/d0ae1vNbnBvBhqCSezgVUOzcLCqbI5elV8Vy6WKwKjaqR+zO9VKirBBCA==
  
  "@types/parse-json@^4.0.0":
    version "4.0.0"
    resolved "https://registry.yarnpkg.com/@types/parse-json/-/parse-json-4.0.0.tgz#2f8bb441434d163b35fb8ffdccd7138927ffb8c0"
    integrity sha512-//oorEZjL6sbPcKUaCdIGlIUeH26mgzimjBB77G6XRgnDl/L5wOnpyBGRe/Mmf5CVW3PwEBE1NjiMZ/ssFh4wA==
  
  "@types/prop-types@*", "@types/prop-types@^15.7.5":
    version "15.7.5"
    resolved "https://registry.yarnpkg.com/@types/prop-types/-/prop-types-15.7.5.tgz#5f19d2b85a98e9558036f6a3cacc8819420f05cf"
    integrity sha512-JCB8C6SnDoQf0cNycqd/35A7MjcnK+ZTqE7judS6o7utxUCg6imJg3QK2qzHKszlTjcj2cn+NwMB2i96ubpj7w==
  
  "@types/react-dom@^18.0.10":
    version "18.2.4"
    resolved "https://registry.yarnpkg.com/@types/react-dom/-/react-dom-18.2.4.tgz#13f25bfbf4e404d26f62ac6e406591451acba9e0"
    integrity sha512-G2mHoTMTL4yoydITgOGwWdWMVd8sNgyEP85xVmMKAPUBwQWm9wBPQUmvbeF4V3WBY1P7mmL4BkjQ0SqUpf1snw==
    dependencies:
      "@types/react" "*"
  
  "@types/react-is@^18.2.0":
    version "18.2.0"
    resolved "https://registry.yarnpkg.com/@types/react-is/-/react-is-18.2.0.tgz#2f5137853a46017b3d56447940fb3eb92bbf24a5"
    integrity sha512-1vz2yObaQkLL7YFe/pme2cpvDsCwI1WXIfL+5eLz0MI9gFG24Re16RzUsI8t9XZn9ZWvgLNDrJBmrqXJO7GNQQ==
    dependencies:
      "@types/react" "*"
  
  "@types/react-transition-group@^4.4.6":
    version "4.4.6"
    resolved "https://registry.yarnpkg.com/@types/react-transition-group/-/react-transition-group-4.4.6.tgz#18187bcda5281f8e10dfc48f0943e2fdf4f75e2e"
    integrity sha512-VnCdSxfcm08KjsJVQcfBmhEQAPnLB8G08hAxn39azX1qYBQ/5RVQuoHuKIcfKOdncuaUvEpFKFzEvbtIMsfVew==
    dependencies:
      "@types/react" "*"
  
  "@types/react@*", "@types/react@^18.0.27":
    version "18.2.9"
    resolved "https://registry.yarnpkg.com/@types/react/-/react-18.2.9.tgz#9207f8571afdc59a9c9c30df50e8ad2591ecefaf"
    integrity sha512-pL3JAesUkF7PEQGxh5XOwdXGV907te6m1/Qe1ERJLgomojS6Ne790QiA7GUl434JEkFA2aAaB6qJ5z4e1zJn/w==
    dependencies:
      "@types/prop-types" "*"
      "@types/scheduler" "*"
      csstype "^3.0.2"
  
  "@types/scheduler@*":
    version "0.16.3"
    resolved "https://registry.yarnpkg.com/@types/scheduler/-/scheduler-0.16.3.tgz#cef09e3ec9af1d63d2a6cc5b383a737e24e6dcf5"
    integrity sha512-5cJ8CB4yAx7BH1oMvdU0Jh9lrEXyPkar6F9G/ERswkCuvP4KQZfZkSjcMbAICCpQTN4OuZn8tz0HiKv9TGZgrQ==
  
  "@vitejs/plugin-react@^3.1.0":
    version "3.1.0"
    resolved "https://registry.yarnpkg.com/@vitejs/plugin-react/-/plugin-react-3.1.0.tgz#d1091f535eab8b83d6e74034d01e27d73c773240"
    integrity sha512-AfgcRL8ZBhAlc3BFdigClmTUMISmmzHn7sB2h9U1odvc5U/MjWXsAaz18b/WoppUTDBzxOJwo2VdClfUcItu9g==
    dependencies:
      "@babel/core" "^7.20.12"
      "@babel/plugin-transform-react-jsx-self" "^7.18.6"
      "@babel/plugin-transform-react-jsx-source" "^7.19.6"
      magic-string "^0.27.0"
      react-refresh "^0.14.0"
  
  ansi-styles@^3.2.1:
    version "3.2.1"
    resolved "https://registry.yarnpkg.com/ansi-styles/-/ansi-styles-3.2.1.tgz#41fbb20243e50b12be0f04b8dedbf07520ce841d"
    integrity sha512-VT0ZI6kZRdTh8YyJw3SMbYm/u+NqfsAxEpWO0Pf9sq8/e94WxxOpPKx9FR1FlyCtOVDNOQ+8ntlqFxiRc+r5qA==
    dependencies:
      color-convert "^1.9.0"
  
  babel-plugin-macros@^3.1.0:
    version "3.1.0"
    resolved "https://registry.yarnpkg.com/babel-plugin-macros/-/babel-plugin-macros-3.1.0.tgz#9ef6dc74deb934b4db344dc973ee851d148c50c1"
    integrity sha512-Cg7TFGpIr01vOQNODXOOaGz2NpCU5gl8x1qJFbb6hbZxR7XrcE2vtbAsTAbJ7/xwJtUuJEw8K8Zr/AE0LHlesg==
    dependencies:
      "@babel/runtime" "^7.12.5"
      cosmiconfig "^7.0.0"
      resolve "^1.19.0"
  
  browserslist@^4.21.3:
    version "4.21.7"
    resolved "https://registry.yarnpkg.com/browserslist/-/browserslist-4.21.7.tgz#e2b420947e5fb0a58e8f4668ae6e23488127e551"
    integrity sha512-BauCXrQ7I2ftSqd2mvKHGo85XR0u7Ru3C/Hxsy/0TkfCtjrmAbPdzLGasmoiBxplpDXlPvdjX9u7srIMfgasNA==
    dependencies:
      caniuse-lite "^1.0.30001489"
      electron-to-chromium "^1.4.411"
      node-releases "^2.0.12"
      update-browserslist-db "^1.0.11"
  
  callsites@^3.0.0:
    version "3.1.0"
    resolved "https://registry.yarnpkg.com/callsites/-/callsites-3.1.0.tgz#b3630abd8943432f54b3f0519238e33cd7df2f73"
    integrity sha512-P8BjAsXvZS+VIDUI11hHCQEv74YT67YUi5JJFNWIqL235sBmjX4+qx9Muvls5ivyNENctx46xQLQ3aTuE7ssaQ==
  
  caniuse-lite@^1.0.30001489:
    version "1.0.30001495"
    resolved "https://registry.yarnpkg.com/caniuse-lite/-/caniuse-lite-1.0.30001495.tgz#64a0ccef1911a9dcff647115b4430f8eff1ef2d9"
    integrity sha512-F6x5IEuigtUfU5ZMQK2jsy5JqUUlEFRVZq8bO2a+ysq5K7jD6PPc9YXZj78xDNS3uNchesp1Jw47YXEqr+Viyg==
  
  chalk@^2.0.0:
    version "2.4.2"
    resolved "https://registry.yarnpkg.com/chalk/-/chalk-2.4.2.tgz#cd42541677a54333cf541a49108c1432b44c9424"
    integrity sha512-Mti+f9lpJNcwF4tWV8/OrTTtF1gZi+f8FqlyAdouralcFWFQWF2+NgCHShjkCb+IFBLq9buZwE1xckQU4peSuQ==
    dependencies:
      ansi-styles "^3.2.1"
      escape-string-regexp "^1.0.5"
      supports-color "^5.3.0"
  
  clsx@^1.2.1:
    version "1.2.1"
    resolved "https://registry.yarnpkg.com/clsx/-/clsx-1.2.1.tgz#0ddc4a20a549b59c93a4116bb26f5294ca17dc12"
    integrity sha512-EcR6r5a8bj6pu3ycsa/E/cKVGuTgZJZdsyUYHOksG/UHIiKfjxzRxYJpyVBwYaQeOvghal9fcc4PidlgzugAQg==
  
  color-convert@^1.9.0:
    version "1.9.3"
    resolved "https://registry.yarnpkg.com/color-convert/-/color-convert-1.9.3.tgz#bb71850690e1f136567de629d2d5471deda4c1e8"
    integrity sha512-QfAUtd+vFdAtFQcC8CCyYt1fYWxSqAiK2cSD6zDB8N3cpsEBAvRxp9zOGg6G/SHHJYAT88/az/IuDGALsNVbGg==
    dependencies:
      color-name "1.1.3"
  
  color-name@1.1.3:
    version "1.1.3"
    resolved "https://registry.yarnpkg.com/color-name/-/color-name-1.1.3.tgz#a7d0558bd89c42f795dd42328f740831ca53bc25"
    integrity sha512-72fSenhMw2HZMTVHeCA9KCmpEIbzWiQsjN+BHcBbS9vr1mtt+vJjPdksIBNUmKAW8TFUDPJK5SUU3QhE9NEXDw==
  
  convert-source-map@^1.5.0, convert-source-map@^1.7.0:
    version "1.9.0"
    resolved "https://registry.yarnpkg.com/convert-source-map/-/convert-source-map-1.9.0.tgz#7faae62353fb4213366d0ca98358d22e8368b05f"
    integrity sha512-ASFBup0Mz1uyiIjANan1jzLQami9z1PoYSZCiiYW2FczPbenXc45FZdBZLzOT+r6+iciuEModtmCti+hjaAk0A==
  
  cosmiconfig@^7.0.0:
    version "7.1.0"
    resolved "https://registry.yarnpkg.com/cosmiconfig/-/cosmiconfig-7.1.0.tgz#1443b9afa596b670082ea46cbd8f6a62b84635f6"
    integrity sha512-AdmX6xUzdNASswsFtmwSt7Vj8po9IuqXm0UXz7QKPuEUmPB4XyjGfaAr2PSuELMwkRMVH1EpIkX5bTZGRB3eCA==
    dependencies:
      "@types/parse-json" "^4.0.0"
      import-fresh "^3.2.1"
      parse-json "^5.0.0"
      path-type "^4.0.0"
      yaml "^1.10.0"
  
  countup.js@^2.5.0:
    version "2.6.2"
    resolved "https://registry.yarnpkg.com/countup.js/-/countup.js-2.6.2.tgz#692bd7433163da3073b8b903f32f071470be1185"
    integrity sha512-PRvoilkebwr1MKaRAllyJl2cD7mgunGZWXLaSFL+YqHXlJpjLX7SHTWonRfIx2xg1Xf7SPbo92bOOonSIomRYQ==
  
  csstype@^3.0.2, csstype@^3.1.2:
    version "3.1.2"
    resolved "https://registry.yarnpkg.com/csstype/-/csstype-3.1.2.tgz#1d4bf9d572f11c14031f0436e1c10bc1f571f50b"
    integrity sha512-I7K1Uu0MBPzaFKg4nI5Q7Vs2t+3gWWW648spaF+Rg7pI9ds18Ugn+lvg4SHczUdKlHI5LWBXyqfS8+DufyBsgQ==
  
  debounce@^1.2.1:
    version "1.2.1"
    resolved "https://registry.yarnpkg.com/debounce/-/debounce-1.2.1.tgz#38881d8f4166a5c5848020c11827b834bcb3e0a5"
    integrity sha512-XRRe6Glud4rd/ZGQfiV1ruXSfbvfJedlV9Y6zOlP+2K04vBYiJEte6stfFkCP03aMnY5tsipamumUjL14fofug==
  
  debug@^4.1.0:
    version "4.3.4"
    resolved "https://registry.yarnpkg.com/debug/-/debug-4.3.4.tgz#1319f6579357f2338d3337d2cdd4914bb5dcc865"
    integrity sha512-PRWFHuSU3eDtQJPvnNY7Jcket1j0t5OuOsFzPPzsekD52Zl8qUfFIPEiswXqIvHWGVHOgX+7G/vCNNhehwxfkQ==
    dependencies:
      ms "2.1.2"
  
  dom-helpers@^5.0.1:
    version "5.2.1"
    resolved "https://registry.yarnpkg.com/dom-helpers/-/dom-helpers-5.2.1.tgz#d9400536b2bf8225ad98fe052e029451ac40e902"
    integrity sha512-nRCa7CK3VTrM2NmGkIy4cbK7IZlgBE/PYMn55rrXefr5xXDP0LdtfPnblFDoVdcAfslJ7or6iqAUnx0CCGIWQA==
    dependencies:
      "@babel/runtime" "^7.8.7"
      csstype "^3.0.2"
  
  electron-to-chromium@^1.4.411:
    version "1.4.425"
    resolved "https://registry.yarnpkg.com/electron-to-chromium/-/electron-to-chromium-1.4.425.tgz#399df13091b836d28283a545c25c8e4d9da86da8"
    integrity sha512-wv1NufHxu11zfDbY4fglYQApMswleE9FL/DSeyOyauVXDZ+Kco96JK/tPfBUaDqfRarYp2WH2hJ/5UnVywp9Jg==
  
  error-ex@^1.3.1:
    version "1.3.2"
    resolved "https://registry.yarnpkg.com/error-ex/-/error-ex-1.3.2.tgz#b4ac40648107fdcdcfae242f428bea8a14d4f1bf"
    integrity sha512-7dFHNmqeFSEt2ZBsCriorKnn3Z2pj+fd9kmI6QoWw4//DL+icEBfc0U7qJCisqrTsKTjw4fNFy2pW9OqStD84g==
    dependencies:
      is-arrayish "^0.2.1"
  
  esbuild@^0.17.5:
    version "0.17.19"
    resolved "https://registry.yarnpkg.com/esbuild/-/esbuild-0.17.19.tgz#087a727e98299f0462a3d0bcdd9cd7ff100bd955"
    integrity sha512-XQ0jAPFkK/u3LcVRcvVHQcTIqD6E2H1fvZMA5dQPSOWb3suUbWbfbRf94pjc0bNzRYLfIrDRQXr7X+LHIm5oHw==
    optionalDependencies:
      "@esbuild/android-arm" "0.17.19"
      "@esbuild/android-arm64" "0.17.19"
      "@esbuild/android-x64" "0.17.19"
      "@esbuild/darwin-arm64" "0.17.19"
      "@esbuild/darwin-x64" "0.17.19"
      "@esbuild/freebsd-arm64" "0.17.19"
      "@esbuild/freebsd-x64" "0.17.19"
      "@esbuild/linux-arm" "0.17.19"
      "@esbuild/linux-arm64" "0.17.19"
      "@esbuild/linux-ia32" "0.17.19"
      "@esbuild/linux-loong64" "0.17.19"
      "@esbuild/linux-mips64el" "0.17.19"
      "@esbuild/linux-ppc64" "0.17.19"
      "@esbuild/linux-riscv64" "0.17.19"
      "@esbuild/linux-s390x" "0.17.19"
      "@esbuild/linux-x64" "0.17.19"
      "@esbuild/netbsd-x64" "0.17.19"
      "@esbuild/openbsd-x64" "0.17.19"
      "@esbuild/sunos-x64" "0.17.19"
      "@esbuild/win32-arm64" "0.17.19"
      "@esbuild/win32-ia32" "0.17.19"
      "@esbuild/win32-x64" "0.17.19"
  
  escalade@^3.1.1:
    version "3.1.1"
    resolved "https://registry.yarnpkg.com/escalade/-/escalade-3.1.1.tgz#d8cfdc7000965c5a0174b4a82eaa5c0552742e40"
    integrity sha512-k0er2gUkLf8O0zKJiAhmkTnJlTvINGv7ygDNPbeIsX/TJjGJZHuh9B2UxbsaEkmlEo9MfhrSzmhIlhRlI2GXnw==
  
  escape-string-regexp@^1.0.5:
    version "1.0.5"
    resolved "https://registry.yarnpkg.com/escape-string-regexp/-/escape-string-regexp-1.0.5.tgz#1b61c0562190a8dff6ae3bb2cf0200ca130b86d4"
    integrity sha512-vbRorB5FUQWvla16U8R/qgaFIya2qGzwDrNmCZuYKrbdSUMG6I1ZCGQRefkRVhuOkIGVne7BQ35DSfo1qvJqFg==
  
  escape-string-regexp@^4.0.0:
    version "4.0.0"
    resolved "https://registry.yarnpkg.com/escape-string-regexp/-/escape-string-regexp-4.0.0.tgz#14ba83a5d373e3d311e5afca29cf5bfad965bf34"
    integrity sha512-TtpcNJ3XAzx3Gq8sWRzJaVajRs0uVxA2YAkdb1jm2YkPz4G6egUFAyA3n5vtEIZefPk5Wa4UXbKuS5fKkJWdgA==
  
  estree-walker@^2.0.2:
    version "2.0.2"
    resolved "https://registry.yarnpkg.com/estree-walker/-/estree-walker-2.0.2.tgz#52f010178c2a4c117a7757cfe942adb7d2da4cac"
    integrity sha512-Rfkk/Mp/DL7JVje3u18FxFujQlTNR2q6QfMSMB7AvCBx91NGj/ba3kCfza0f6dVDbw7YlRf/nDrn7pQrCCyQ/w==
  
  find-root@^1.1.0:
    version "1.1.0"
    resolved "https://registry.yarnpkg.com/find-root/-/find-root-1.1.0.tgz#abcfc8ba76f708c42a97b3d685b7e9450bfb9ce4"
    integrity sha512-NKfW6bec6GfKc0SGx1e07QZY9PE99u0Bft/0rzSD5k3sO/vwkVUpDUKVm5Gpp5Ue3YfShPFTX2070tDs5kB9Ng==
  
  fsevents@~2.3.2:
    version "2.3.2"
    resolved "https://registry.yarnpkg.com/fsevents/-/fsevents-2.3.2.tgz#8a526f78b8fdf4623b709e0b975c52c24c02fd1a"
    integrity sha512-xiqMQR4xAeHTuB9uWm+fFRcIOgKBMiOBP+eXiyT7jsgVCq1bkVygt00oASowB7EdtpOHaaPgKt812P9ab+DDKA==
  
  function-bind@^1.1.1:
    version "1.1.1"
    resolved "https://registry.yarnpkg.com/function-bind/-/function-bind-1.1.1.tgz#a56899d3ea3c9bab874bb9773b7c5ede92f4895d"
    integrity sha512-yIovAzMX49sF8Yl58fSCWJ5svSLuaibPxXQJFLmBObTuCr0Mf1KiPopGM9NiFjiYBCbfaa2Fh6breQ6ANVTI0A==
  
  gensync@^1.0.0-beta.2:
    version "1.0.0-beta.2"
    resolved "https://registry.yarnpkg.com/gensync/-/gensync-1.0.0-beta.2.tgz#32a6ee76c3d7f52d46b2b1ae5d93fea8580a25e0"
    integrity sha512-3hN7NaskYvMDLQY55gnW3NQ+mesEAepTqlg+VEbj7zzqEMBVNhzcGYYeqFo/TlYz6eQiFcp1HcsCZO+nGgS8zg==
  
  globals@^11.1.0:
    version "11.12.0"
    resolved "https://registry.yarnpkg.com/globals/-/globals-11.12.0.tgz#ab8795338868a0babd8525758018c2a7eb95c42e"
    integrity sha512-WOBp/EEGUiIsJSp7wcv/y6MO+lV9UoncWqxuFfm8eBwzWNgyfBd6Gz+IeKQ9jCmyhoH99g15M3T+QaVHFjizVA==
  
  has-flag@^3.0.0:
    version "3.0.0"
    resolved "https://registry.yarnpkg.com/has-flag/-/has-flag-3.0.0.tgz#b5d454dc2199ae225699f3467e5a07f3b955bafd"
    integrity sha512-sKJf1+ceQBr4SMkvQnBDNDtf4TXpVhVGateu0t918bl30FnbE2m4vNLX+VWe/dpjlb+HugGYzW7uQXH98HPEYw==
  
  has@^1.0.3:
    version "1.0.3"
    resolved "https://registry.yarnpkg.com/has/-/has-1.0.3.tgz#722d7cbfc1f6aa8241f16dd814e011e1f41e8796"
    integrity sha512-f2dvO0VU6Oej7RkWJGrehjbzMAjFp5/VKPp5tTpWIV4JHHZK1/BxbFRtf/siA2SWTe09caDmVtYYzWEIbBS4zw==
    dependencies:
      function-bind "^1.1.1"
  
  hoist-non-react-statics@^3.3.1:
    version "3.3.2"
    resolved "https://registry.yarnpkg.com/hoist-non-react-statics/-/hoist-non-react-statics-3.3.2.tgz#ece0acaf71d62c2969c2ec59feff42a4b1a85b45"
    integrity sha512-/gGivxi8JPKWNm/W0jSmzcMPpfpPLc3dY/6GxhX2hQ9iGj3aDfklV4ET7NjKpSinLpJ5vafa9iiGIEZg10SfBw==
    dependencies:
      react-is "^16.7.0"
  
  import-fresh@^3.2.1:
    version "3.3.0"
    resolved "https://registry.yarnpkg.com/import-fresh/-/import-fresh-3.3.0.tgz#37162c25fcb9ebaa2e6e53d5b4d88ce17d9e0c2b"
    integrity sha512-veYYhQa+D1QBKznvhUHxb8faxlrwUnxseDAbAp457E0wLNio2bOSKnjYDhMj+YiAq61xrMGhQk9iXVk5FzgQMw==
    dependencies:
      parent-module "^1.0.0"
      resolve-from "^4.0.0"
  
  is-arrayish@^0.2.1:
    version "0.2.1"
    resolved "https://registry.yarnpkg.com/is-arrayish/-/is-arrayish-0.2.1.tgz#77c99840527aa8ecb1a8ba697b80645a7a926a9d"
    integrity sha512-zz06S8t0ozoDXMG+ube26zeCTNXcKIPJZJi8hBrF4idCLms4CG9QtK7qBl1boi5ODzFpjswb5JPmHCbMpjaYzg==
  
  is-core-module@^2.11.0:
    version "2.12.1"
    resolved "https://registry.yarnpkg.com/is-core-module/-/is-core-module-2.12.1.tgz#0c0b6885b6f80011c71541ce15c8d66cf5a4f9fd"
    integrity sha512-Q4ZuBAe2FUsKtyQJoQHlvP8OvBERxO3jEmy1I7hcRXcJBGGHFh/aJBswbXuS9sgrDH2QUO8ilkwNPHvHMd8clg==
    dependencies:
      has "^1.0.3"
  
  "js-tokens@^3.0.0 || ^4.0.0", js-tokens@^4.0.0:
    version "4.0.0"
    resolved "https://registry.yarnpkg.com/js-tokens/-/js-tokens-4.0.0.tgz#19203fb59991df98e3a287050d4647cdeaf32499"
    integrity sha512-RdJUflcE3cUzKiMqQgsCu06FPu9UdIJO0beYbPhHN4k6apgJtifcoCtT9bcxOpYBtpD2kCM6Sbzg4CausW/PKQ==
  
  jsesc@^2.5.1:
    version "2.5.2"
    resolved "https://registry.yarnpkg.com/jsesc/-/jsesc-2.5.2.tgz#80564d2e483dacf6e8ef209650a67df3f0c283a4"
    integrity sha512-OYu7XEzjkCQ3C5Ps3QIZsQfNpqoJyZZA99wd9aWd05NCtC5pWOkShK2mkL6HXQR6/Cy2lbNdPlZBpuQHXE63gA==
  
  json-parse-even-better-errors@^2.3.0:
    version "2.3.1"
    resolved "https://registry.yarnpkg.com/json-parse-even-better-errors/-/json-parse-even-better-errors-2.3.1.tgz#7c47805a94319928e05777405dc12e1f7a4ee02d"
    integrity sha512-xyFwyhro/JEof6Ghe2iz2NcXoj2sloNsWr/XsERDK/oiPCfaNhl5ONfp+jQdAZRQQ0IJWNzH9zIZF7li91kh2w==
  
  json5@^2.2.2:
    version "2.2.3"
    resolved "https://registry.yarnpkg.com/json5/-/json5-2.2.3.tgz#78cd6f1a19bdc12b73db5ad0c61efd66c1e29283"
    integrity sha512-XmOWe7eyHYH14cLdVPoyg+GOH3rYX++KpzrylJwSW98t3Nk+U8XOl8FWKOgwtzdb8lXGf6zYwDUzeHMWfxasyg==
  
  lines-and-columns@^1.1.6:
    version "1.2.4"
    resolved "https://registry.yarnpkg.com/lines-and-columns/-/lines-and-columns-1.2.4.tgz#eca284f75d2965079309dc0ad9255abb2ebc1632"
    integrity sha512-7ylylesZQ/PV29jhEDl3Ufjo6ZX7gCqJr5F7PKrqc93v7fzSymt1BpwEU8nAUXs8qzzvqhbjhK5QZg6Mt/HkBg==
  
  loose-envify@^1.1.0, loose-envify@^1.4.0:
    version "1.4.0"
    resolved "https://registry.yarnpkg.com/loose-envify/-/loose-envify-1.4.0.tgz#71ee51fa7be4caec1a63839f7e682d8132d30caf"
    integrity sha512-lyuxPGr/Wfhrlem2CL/UcnUc1zcqKAImBDzukY7Y5F/yQiNdko6+fRLevlw1HgMySw7f611UIY408EtxRSoK3Q==
    dependencies:
      js-tokens "^3.0.0 || ^4.0.0"
  
  lru-cache@^5.1.1:
    version "5.1.1"
    resolved "https://registry.yarnpkg.com/lru-cache/-/lru-cache-5.1.1.tgz#1da27e6710271947695daf6848e847f01d84b920"
    integrity sha512-KpNARQA3Iwv+jTA0utUVVbrh+Jlrr1Fv0e56GGzAFOXN7dk/FviaDW8LHmK52DlcH4WP2n6gI8vN1aesBFgo9w==
    dependencies:
      yallist "^3.0.2"
  
  magic-string@^0.27.0:
    version "0.27.0"
    resolved "https://registry.yarnpkg.com/magic-string/-/magic-string-0.27.0.tgz#e4a3413b4bab6d98d2becffd48b4a257effdbbf3"
    integrity sha512-8UnnX2PeRAPZuN12svgR9j7M1uWMovg/CEnIwIG0LFkXSJJe4PdfUGiTGl8V9bsBHFUtfVINcSyYxd7q+kx9fA==
    dependencies:
      "@jridgewell/sourcemap-codec" "^1.4.13"
  
  ms@2.1.2:
    version "2.1.2"
    resolved "https://registry.yarnpkg.com/ms/-/ms-2.1.2.tgz#d09d1f357b443f493382a8eb3ccd183872ae6009"
    integrity sha512-sGkPx+VjMtmA6MX27oA4FBFELFCZZ4S4XqeGOXCv68tT+jb3vk/RyaKWP0PTKyWtmLSM0b+adUTEvbs1PEaH2w==
  
  nanoid@^3.3.6:
    version "3.3.6"
    resolved "https://registry.yarnpkg.com/nanoid/-/nanoid-3.3.6.tgz#443380c856d6e9f9824267d960b4236ad583ea4c"
    integrity sha512-BGcqMMJuToF7i1rt+2PWSNVnWIkGCU78jBG3RxO/bZlnZPK2Cmi2QaffxGO/2RvWi9sL+FAiRiXMgsyxQ1DIDA==
  
  node-releases@^2.0.12:
    version "2.0.12"
    resolved "https://registry.yarnpkg.com/node-releases/-/node-releases-2.0.12.tgz#35627cc224a23bfb06fb3380f2b3afaaa7eb1039"
    integrity sha512-QzsYKWhXTWx8h1kIvqfnC++o0pEmpRQA/aenALsL2F4pqNVr7YzcdMlDij5WBnwftRbJCNJL/O7zdKaxKPHqgQ==
  
  object-assign@^4.1.1:
    version "4.1.1"
    resolved "https://registry.yarnpkg.com/object-assign/-/object-assign-4.1.1.tgz#2109adc7965887cfc05cbbd442cac8bfbb360863"
    integrity sha512-rJgTQnkUnH1sFw8yT6VSU3zD3sWmu6sZhIseY8VX+GRu3P6F7Fu+JNDoXfklElbLJSnc3FUQHVe4cU5hj+BcUg==
  
  parent-module@^1.0.0:
    version "1.0.1"
    resolved "https://registry.yarnpkg.com/parent-module/-/parent-module-1.0.1.tgz#691d2709e78c79fae3a156622452d00762caaaa2"
    integrity sha512-GQ2EWRpQV8/o+Aw8YqtfZZPfNRWZYkbidE9k5rpl/hC3vtHHBfGm2Ifi6qWV+coDGkrUKZAxE3Lot5kcsRlh+g==
    dependencies:
      callsites "^3.0.0"
  
  parse-json@^5.0.0:
    version "5.2.0"
    resolved "https://registry.yarnpkg.com/parse-json/-/parse-json-5.2.0.tgz#c76fc66dee54231c962b22bcc8a72cf2f99753cd"
    integrity sha512-ayCKvm/phCGxOkYRSCM82iDwct8/EonSEgCSxWxD7ve6jHggsFl4fZVQBPRNgQoKiuV/odhFrGzQXZwbifC8Rg==
    dependencies:
      "@babel/code-frame" "^7.0.0"
      error-ex "^1.3.1"
      json-parse-even-better-errors "^2.3.0"
      lines-and-columns "^1.1.6"
  
  path-parse@^1.0.7:
    version "1.0.7"
    resolved "https://registry.yarnpkg.com/path-parse/-/path-parse-1.0.7.tgz#fbc114b60ca42b30d9daf5858e4bd68bbedb6735"
    integrity sha512-LDJzPVEEEPR+y48z93A0Ed0yXb8pAByGWo/k5YYdYgpY2/2EsOsksJrq7lOHxryrVOn1ejG6oAp8ahvOIQD8sw==
  
  path-type@^4.0.0:
    version "4.0.0"
    resolved "https://registry.yarnpkg.com/path-type/-/path-type-4.0.0.tgz#84ed01c0a7ba380afe09d90a8c180dcd9d03043b"
    integrity sha512-gDKb8aZMDeD/tZWs9P6+q0J9Mwkdl6xMV8TjnGP3qJVJ06bdMgkbBlLU8IdfOsIsFz2BW1rNVT3XuNEl8zPAvw==
  
  picocolors@^1.0.0:
    version "1.0.0"
    resolved "https://registry.yarnpkg.com/picocolors/-/picocolors-1.0.0.tgz#cb5bdc74ff3f51892236eaf79d68bc44564ab81c"
    integrity sha512-1fygroTLlHu66zi26VoTDv8yRgm0Fccecssto+MhsZ0D/DGW2sm8E8AjW7NU5VVTRt5GxbeZ5qBuJr+HyLYkjQ==
  
  picomatch@^2.3.1:
    version "2.3.1"
    resolved "https://registry.yarnpkg.com/picomatch/-/picomatch-2.3.1.tgz#3ba3833733646d9d3e4995946c1365a67fb07a42"
    integrity sha512-JU3teHTNjmE2VCGFzuY8EXzCDVwEqB2a8fsIvwaStHhAWJEeVd1o1QD80CU6+ZdEXXSLbSsuLwJjkCBWqRQUVA==
  
  postcss@^8.4.23:
    version "8.4.24"
    resolved "https://registry.yarnpkg.com/postcss/-/postcss-8.4.24.tgz#f714dba9b2284be3cc07dbd2fc57ee4dc972d2df"
    integrity sha512-M0RzbcI0sO/XJNucsGjvWU9ERWxb/ytp1w6dKtxTKgixdtQDq4rmx/g8W1hnaheq9jgwL/oyEdH5Bc4WwJKMqg==
    dependencies:
      nanoid "^3.3.6"
      picocolors "^1.0.0"
      source-map-js "^1.0.2"
  
  prop-types@^15.6.2, prop-types@^15.8.1:
    version "15.8.1"
    resolved "https://registry.yarnpkg.com/prop-types/-/prop-types-15.8.1.tgz#67d87bf1a694f48435cf332c24af10214a3140b5"
    integrity sha512-oj87CgZICdulUohogVAR7AjlC0327U4el4L6eAvOqCeudMDVU0NThNaV+b9Df4dXgSP1gXMTnPdhfe/2qDH5cg==
    dependencies:
      loose-envify "^1.4.0"
      object-assign "^4.1.1"
      react-is "^16.13.1"
  
  react-countup@^6.4.1:
    version "6.4.2"
    resolved "https://registry.yarnpkg.com/react-countup/-/react-countup-6.4.2.tgz#cf8564c9381958a36c7c25f7c0769f7a472e4c99"
    integrity sha512-wdDrNb2lPFGbLb+i0FTgswPbWziubS6KZRII8NRpXmUCoZsi15PFbIHgBz60Dyxd4KPuRvwsK5aawIU4OPP3jA==
    dependencies:
      "@rollup/plugin-babel" "^6.0.3"
      countup.js "^2.5.0"
  
  react-dom@^18.2.0:
    version "18.2.0"
    resolved "https://registry.yarnpkg.com/react-dom/-/react-dom-18.2.0.tgz#22aaf38708db2674ed9ada224ca4aa708d821e3d"
    integrity sha512-6IMTriUmvsjHUjNtEDudZfuDQUoWXVxKHhlEGSk81n4YFS+r/Kl99wXiwlVXtPBtJenozv2P+hxDsw9eA7Xo6g==
    dependencies:
      loose-envify "^1.1.0"
      scheduler "^0.23.0"
  
  react-is@^16.13.1, react-is@^16.7.0:
    version "16.13.1"
    resolved "https://registry.yarnpkg.com/react-is/-/react-is-16.13.1.tgz#789729a4dc36de2999dc156dd6c1d9c18cea56a4"
    integrity sha512-24e6ynE2H+OKt4kqsOvNd8kBpV65zoxbA4BVsEOB3ARVWQki/DHzaUoC5KuON/BiccDaCCTZBuOcfZs70kR8bQ==
  
  react-is@^18.2.0:
    version "18.2.0"
    resolved "https://registry.yarnpkg.com/react-is/-/react-is-18.2.0.tgz#199431eeaaa2e09f86427efbb4f1473edb47609b"
    integrity sha512-xWGDIW6x921xtzPkhiULtthJHoJvBbF3q26fzloPCK0hsvxtPVelvftw3zjbHWSkR2km9Z+4uxbDDK/6Zw9B8w==
  
  react-refresh@^0.14.0:
    version "0.14.0"
    resolved "https://registry.yarnpkg.com/react-refresh/-/react-refresh-0.14.0.tgz#4e02825378a5f227079554d4284889354e5f553e"
    integrity sha512-wViHqhAd8OHeLS/IRMJjTSDHF3U9eWi62F/MledQGPdJGDhodXJ9PBLNGr6WWL7qlH12Mt3TyTpbS+hGXMjCzQ==
  
  react-router-dom@^6.8.1:
    version "6.12.1"
    resolved "https://registry.yarnpkg.com/react-router-dom/-/react-router-dom-6.12.1.tgz#601fe7eb493071a33dc7573a20b920324a834606"
    integrity sha512-POIZN9UDKWwEDga054LvYr2KnK8V+0HR4Ny4Bwv8V7/FZCPxJgsCjYxXGxqxzHs7VBxMKZfgvtKhafuJkJSPGA==
    dependencies:
      "@remix-run/router" "1.6.3"
      react-router "6.12.1"
  
  react-router@6.12.1:
    version "6.12.1"
    resolved "https://registry.yarnpkg.com/react-router/-/react-router-6.12.1.tgz#9e4126aa1139ec6b5d347e19576d5e940cd46362"
    integrity sha512-evd/GrKJOeOypD0JB9e1r7pQh2gWCsTbUfq059Wm1AFT/K2MNZuDo19lFtAgIhlBrp0MmpgpqtvZC7LPAs7vSw==
    dependencies:
      "@remix-run/router" "1.6.3"
  
  react-transition-group@^4.4.5:
    version "4.4.5"
    resolved "https://registry.yarnpkg.com/react-transition-group/-/react-transition-group-4.4.5.tgz#e53d4e3f3344da8521489fbef8f2581d42becdd1"
    integrity sha512-pZcd1MCJoiKiBR2NRxeCRg13uCXbydPnmB4EOeRrY7480qNWO8IIgQG6zlDkm6uRMsURXPuKq0GWtiM59a5Q6g==
    dependencies:
      "@babel/runtime" "^7.5.5"
      dom-helpers "^5.0.1"
      loose-envify "^1.4.0"
      prop-types "^15.6.2"
  
  react-use-measure@^2.1.1:
    version "2.1.1"
    resolved "https://registry.yarnpkg.com/react-use-measure/-/react-use-measure-2.1.1.tgz#5824537f4ee01c9469c45d5f7a8446177c6cc4ba"
    integrity sha512-nocZhN26cproIiIduswYpV5y5lQpSQS1y/4KuvUCjSKmw7ZWIS/+g3aFnX3WdBkyuGUtTLif3UTqnLLhbDoQig==
    dependencies:
      debounce "^1.2.1"
  
  react@^18.2.0:
    version "18.2.0"
    resolved "https://registry.yarnpkg.com/react/-/react-18.2.0.tgz#555bd98592883255fa00de14f1151a917b5d77d5"
    integrity sha512-/3IjMdb2L9QbBdWiW5e3P2/npwMBaU9mHCSCUzNln0ZCYbcfTsGbTJrU/kGemdH2IWmB2ioZ+zkxtmq6g09fGQ==
    dependencies:
      loose-envify "^1.1.0"
  
  regenerator-runtime@^0.13.11:
    version "0.13.11"
    resolved "https://registry.yarnpkg.com/regenerator-runtime/-/regenerator-runtime-0.13.11.tgz#f6dca3e7ceec20590d07ada785636a90cdca17f9"
    integrity sha512-kY1AZVr2Ra+t+piVaJ4gxaFaReZVH40AKNo7UCX6W+dEwBo/2oZJzqfuN1qLq1oL45o56cPaTXELwrTh8Fpggg==
  
  resolve-from@^4.0.0:
    version "4.0.0"
    resolved "https://registry.yarnpkg.com/resolve-from/-/resolve-from-4.0.0.tgz#4abcd852ad32dd7baabfe9b40e00a36db5f392e6"
    integrity sha512-pb/MYmXstAkysRFx8piNI1tGFNQIFA3vkE3Gq4EuA1dF6gHp/+vgZqsCGJapvy8N3Q+4o7FwvquPJcnZ7RYy4g==
  
  resolve@^1.19.0:
    version "1.22.2"
    resolved "https://registry.yarnpkg.com/resolve/-/resolve-1.22.2.tgz#0ed0943d4e301867955766c9f3e1ae6d01c6845f"
    integrity sha512-Sb+mjNHOULsBv818T40qSPeRiuWLyaGMa5ewydRLFimneixmVy2zdivRl+AF6jaYPC8ERxGDmFSiqui6SfPd+g==
    dependencies:
      is-core-module "^2.11.0"
      path-parse "^1.0.7"
      supports-preserve-symlinks-flag "^1.0.0"
  
  rollup@^3.21.0:
    version "3.24.0"
    resolved "https://registry.yarnpkg.com/rollup/-/rollup-3.24.0.tgz#865dee1fe0bb528747b59914dfab25e6f480e370"
    integrity sha512-OgraHOIg2YpHQTjl0/ymWfFNBEyPucB7lmhXrQUh38qNOegxLapSPFs9sNr0qKR75awW41D93XafoR2QfhBdUQ==
    optionalDependencies:
      fsevents "~2.3.2"
  
  scheduler@^0.23.0:
    version "0.23.0"
    resolved "https://registry.yarnpkg.com/scheduler/-/scheduler-0.23.0.tgz#ba8041afc3d30eb206a487b6b384002e4e61fdfe"
    integrity sha512-CtuThmgHNg7zIZWAXi3AsyIzA3n4xx7aNyjwC2VJldO2LMVDhFK+63xGqq6CsJH4rTAt6/M+N4GhZiDYPx9eUw==
    dependencies:
      loose-envify "^1.1.0"
  
  semver@^6.3.0:
    version "6.3.0"
    resolved "https://registry.yarnpkg.com/semver/-/semver-6.3.0.tgz#ee0a64c8af5e8ceea67687b133761e1becbd1d3d"
    integrity sha512-b39TBaTSfV6yBrapU89p5fKekE2m/NwnDocOVruQFS1/veMgdzuPcnOM34M6CwxW8jH/lxEa5rBoDeUwu5HHTw==
  
  source-map-js@^1.0.2:
    version "1.0.2"
    resolved "https://registry.yarnpkg.com/source-map-js/-/source-map-js-1.0.2.tgz#adbc361d9c62df380125e7f161f71c826f1e490c"
    integrity sha512-R0XvVJ9WusLiqTCEiGCmICCMplcCkIwwR11mOSD9CR5u+IXYdiseeEuXCVAjS54zqwkLcPNnmU4OeJ6tUrWhDw==
  
  source-map@^0.5.7:
    version "0.5.7"
    resolved "https://registry.yarnpkg.com/source-map/-/source-map-0.5.7.tgz#8a039d2d1021d22d1ea14c80d8ea468ba2ef3fcc"
    integrity sha512-LbrmJOMUSdEVxIKvdcJzQC+nQhe8FUZQTXQy6+I75skNgn3OoQ0DZA8YnFa7gp8tqtL3KPf1kmo0R5DoApeSGQ==
  
  stylis@4.2.0:
    version "4.2.0"
    resolved "https://registry.yarnpkg.com/stylis/-/stylis-4.2.0.tgz#79daee0208964c8fe695a42fcffcac633a211a51"
    integrity sha512-Orov6g6BB1sDfYgzWfTHDOxamtX1bE/zo104Dh9e6fqJ3PooipYyfJ0pUmrZO2wAvO8YbEyeFrkV91XTsGMSrw==
  
  supports-color@^5.3.0:
    version "5.5.0"
    resolved "https://registry.yarnpkg.com/supports-color/-/supports-color-5.5.0.tgz#e2e69a44ac8772f78a1ec0b35b689df6530efc8f"
    integrity sha512-QjVjwdXIt408MIiAqCX4oUKsgU2EqAGzs2Ppkm4aQYbjm+ZEWEcW4SfFNTr4uMNZma0ey4f5lgLrkB0aX0QMow==
    dependencies:
      has-flag "^3.0.0"
  
  supports-preserve-symlinks-flag@^1.0.0:
    version "1.0.0"
    resolved "https://registry.yarnpkg.com/supports-preserve-symlinks-flag/-/supports-preserve-symlinks-flag-1.0.0.tgz#6eda4bd344a3c94aea376d4cc31bc77311039e09"
    integrity sha512-ot0WnXS9fgdkgIcePe6RHNk1WA8+muPa6cSjeR3V8K27q9BB1rTE3R1p7Hv0z1ZyAc8s6Vvv8DIyWf681MAt0w==
  
  to-fast-properties@^2.0.0:
    version "2.0.0"
    resolved "https://registry.yarnpkg.com/to-fast-properties/-/to-fast-properties-2.0.0.tgz#dc5e698cbd079265bc73e0377681a4e4e83f616e"
    integrity sha512-/OaKK0xYrs3DmxRYqL/yDc+FxFUVYhDlXMhRmv3z915w2HF1tnN1omB354j8VUGO/hbRzyD6Y3sA7v7GS/ceog==
  
  update-browserslist-db@^1.0.11:
    version "1.0.11"
    resolved "https://registry.yarnpkg.com/update-browserslist-db/-/update-browserslist-db-1.0.11.tgz#9a2a641ad2907ae7b3616506f4b977851db5b940"
    integrity sha512-dCwEFf0/oT85M1fHBg4F0jtLwJrutGoHSQXCh7u4o2t1drG+c0a9Flnqww6XUKSfQMPpJBRjU8d4RXB09qtvaA==
    dependencies:
      escalade "^3.1.1"
      picocolors "^1.0.0"
  
  vite@^4.1.0:
    version "4.3.9"
    resolved "https://registry.yarnpkg.com/vite/-/vite-4.3.9.tgz#db896200c0b1aa13b37cdc35c9e99ee2fdd5f96d"
    integrity sha512-qsTNZjO9NoJNW7KnOrgYwczm0WctJ8m/yqYAMAK9Lxt4SoySUfS5S8ia9K7JHpa3KEeMfyF8LoJ3c5NeBJy6pg==
    dependencies:
      esbuild "^0.17.5"
      postcss "^8.4.23"
      rollup "^3.21.0"
    optionalDependencies:
      fsevents "~2.3.2"
  
  yallist@^3.0.2:
    version "3.1.1"
    resolved "https://registry.yarnpkg.com/yallist/-/yallist-3.1.1.tgz#dbb7daf9bfd8bac9ab45ebf602b8cbad0d5d08fd"
    integrity sha512-a4UGQaWPH59mOXUYnAG2ewncQS4i4F43Tv3JoAM+s2VDAmS9NsK8GpDMLrCHPksFT7h3K6TOoUNn2pb7RoXx4g==
  
  yaml@^1.10.0:
    version "1.10.2"
    resolved "https://registry.yarnpkg.com/yaml/-/yaml-1.10.2.tgz#2301c5ffbf12b467de8da2333a459e29e7920e4b"
    integrity sha512-r3vXyErRCYJ7wg28yvBY5VSoAF8ZvlcW9/BwUzEtUsjvX/DKs24dIkuwjtuprwJJHsbyUbLApepYTR1BN4uHrg==
